  Aabb.cpp
  Application.cpp
  BaseModel.cpp
  BaseShader.cpp
  Camera.cpp
D:\Computergraphics\spaiceInveiders\src\Camera.cpp(216,19): warning C4244: "Argument": Konvertierung von "double" in "float", möglicher Datenverlust
  color.cpp
  ConstantShader.cpp
  Framebuffer.cpp
  IndexBuffer.cpp
  ShaderLightMapper.cpp
  Lights.cpp
  LineBoxModel.cpp
  LinePlaneModel.cpp
  main.cpp
  Matrix.cpp
  Model.cpp
D:\Computergraphics\spaiceInveiders\src\Camera.cpp(219,20): warning C4244: "Argument": Konvertierung von "double" in "float", möglicher Datenverlust
D:\Computergraphics\spaiceInveiders\src\Model.cpp(29,22): warning C4018: "<": Konflikt zwischen "signed" und "unsigned"
D:\Computergraphics\spaiceInveiders\src\Model.cpp(89,25): warning C4018: "<": Konflikt zwischen "signed" und "unsigned"
D:\Computergraphics\spaiceInveiders\src\Model.cpp(93,30): warning C4018: "<": Konflikt zwischen "signed" und "unsigned"
D:\Computergraphics\spaiceInveiders\src\Model.cpp(114,34): warning C4018: "<": Konflikt zwischen "signed" und "unsigned"
D:\Computergraphics\spaiceInveiders\src\Model.cpp(115,38): warning C4018: "<": Konflikt zwischen "signed" und "unsigned"
D:\Computergraphics\spaiceInveiders\src\Model.cpp(136,25): warning C4018: "<": Konflikt zwischen "signed" und "unsigned"
D:\Computergraphics\spaiceInveiders\src\Model.cpp(174,25): warning C4018: "<": Konflikt zwischen "signed" und "unsigned"
  PhongShader.cpp
  rgbimage.cpp
D:\Computergraphics\spaiceInveiders\src\Model.cpp(175,30): warning C4018: "<": Konflikt zwischen "signed" und "unsigned"
D:\Computergraphics\spaiceInveiders\src\rgbimage.cpp(45,14): warning C4244: "return": Konvertierung von "float" in "unsigned char", möglicher Datenverlust
D:\Computergraphics\spaiceInveiders\src\rgbimage.cpp(71,19): warning C4018: "<": Konflikt zwischen "signed" und "unsigned"
D:\Computergraphics\spaiceInveiders\src\rgbimage.cpp(73,23): warning C4018: "<": Konflikt zwischen "signed" und "unsigned"
D:\Computergraphics\spaiceInveiders\src\rgbimage.cpp(112,22): warning C4018: "<": Konflikt zwischen "signed" und "unsigned"
D:\Computergraphics\spaiceInveiders\src\rgbimage.cpp(138,23): warning C4018: "<": Konflikt zwischen "signed" und "unsigned"
D:\Computergraphics\spaiceInveiders\src\rgbimage.cpp(139,27): warning C4018: "<": Konflikt zwischen "signed" und "unsigned"
D:\Computergraphics\spaiceInveiders\src\rgbimage.cpp(166,23): warning C4018: "<": Konflikt zwischen "signed" und "unsigned"
  ShadowMapGenerator.cpp
  Texture.cpp
  Code wird generiert...
  Kompilieren...
  TriangleBoxModel.cpp
  TrianglePlaneModel.cpp
  TriangleSphereModel.cpp
  vector.cpp
  VertexBuffer.cpp
  Code wird generiert...
D:\Computergraphics\spaiceInveiders\src\rgbimage.cpp(167,27): warning C4018: "<": Konflikt zwischen "signed" und "unsigned"
LINK : warning LNK4098: Standardbibliothek "MSVCRT" steht in Konflikt mit anderen Bibliotheken; /NODEFAULTLIB:Bibliothek verwenden.
  CGVStudio.vcxproj -> D:\Computergraphics\spaiceInveiders\CGVStudio\Debug\CGVStudio.exe
